<?xml version="1.0" encoding="UTF-8"?>
<!-- Generated by org.testng.reporters.JUnitReportReporter -->
<testsuite hostname="TechAviator-PC" name="Scenario_Component.Scenario_Search" tests="1" failures="0" timestamp="29 Oct 2017 07:12:38 GMT" time="41.990" errors="0">
  <testcase name="testInvalidSearch" time="41.990" classname="Scenario_Component.Scenario_Search"/>
</testsuite> <!-- Scenario_Component.Scenario_Search -->
